<?xml version="1.0" encoding="UTF-8"?>
<!-- Generated by org.testng.reporters.JUnitReportReporter -->
<testsuite hostname="DESKTOP-TSLSQ48" failures="0" tests="3" name="signup.TestCase" time="10.289" errors="0" timestamp="2022-04-13T13:53:06 IST" skipped="0">
  <testcase classname="signup.TestCase" name="createaccount" time="7.320"/>
  <system-out/>
  <testcase classname="signup.TestCase" name="dropdown" time="1.207"/>
  <system-out/>
  <testcase classname="signup.TestCase" name="selectgender" time="1.762"/>
  <system-out/>
</testsuite> <!-- signup.TestCase -->
