<?xml version="1.0" encoding="UTF-8"?>
<!-- Generated by org.testng.reporters.JUnitReportReporter -->
<testsuite hostname="DESKTOP-TSLSQ48" failures="0" tests="3" name="signup.FirstCase" time="3.692" errors="0" timestamp="2022-04-13T11:22:59 IST" skipped="0">
  <testcase classname="signup.FirstCase" name="createaccount" time="2.073"/>
  <system-out/>
  <testcase classname="signup.FirstCase" name="dropdown" time="0.983"/>
  <system-out/>
  <testcase classname="signup.FirstCase" name="selectgender" time="0.636"/>
  <system-out/>
</testsuite> <!-- signup.FirstCase -->
