<?xml version="1.0" encoding="UTF-8"?>
<!-- Generated by org.testng.reporters.JUnitReportReporter -->
<testsuite hostname="DESKTOP-TSLSQ48" failures="0" tests="1" name="screenshot.screenshot" time="1.091" errors="0" timestamp="2022-04-13T12:40:45 IST" skipped="0">
  <testcase classname="screenshot.screenshot" name="screenShot" time="1.091"/>
  <system-out/>
</testsuite> <!-- screenshot.screenshot -->
